0 verbose cli [ '/usr/local/bin/node', '/usr/local/bin/npm', 'config', 'list' ]
1 info using npm@8.3.0
2 info using node@v17.3.0
3 timing npm:load:whichnode Completed in 1ms
4 timing config:load:defaults Completed in 11ms
5 timing config:load:file:/usr/local/lib/node_modules/npm/npmrc Completed in 21ms
6 timing config:load:builtin Completed in 23ms
7 timing config:load:cli Completed in 13ms
8 timing config:load:env Completed in 2ms
9 timing config:load:file:/root/amplifyapp/.npmrc Completed in 14ms
10 timing config:load:project Completed in 16ms
11 timing config:load:file:/root/.npmrc Completed in 1ms
12 timing config:load:user Completed in 1ms
13 timing config:load:file:/usr/local/etc/npmrc Completed in 0ms
14 timing config:load:global Completed in 1ms
15 timing config:load:validate Completed in 2ms
16 timing config:load:credentials Completed in 4ms
17 timing config:load:setEnvs Completed in 3ms
18 timing config:load Completed in 78ms
19 timing npm:load:configload Completed in 79ms
20 timing npm:load:setTitle Completed in 1ms
21 timing config:load:flatten Completed in 7ms
22 timing npm:load:display Completed in 9ms
23 verbose logfile /root/.npm/_logs/2021-12-30T02_49_08_370Z-debug-0.log
24 timing npm:load:logFile Completed in 12ms
25 timing npm:load:timers Completed in 0ms
26 timing npm:load:configScope Completed in 0ms
27 timing npm:load Completed in 106ms
28 timing command:config Completed in 13ms
29 verbose exit 0
30 timing npm Completed in 543ms
31 info ok
