0 verbose cli [ '/usr/local/bin/node', '/usr/local/bin/npm', 'onstall', '-g', 'npm' ]
1 info using npm@8.3.0
2 info using node@v17.3.0
3 timing npm:load:whichnode Completed in 1ms
4 timing config:load:defaults Completed in 4ms
5 timing config:load:file:/usr/local/lib/node_modules/npm/npmrc Completed in 2ms
6 timing config:load:builtin Completed in 2ms
7 timing config:load:cli Completed in 5ms
8 timing config:load:env Completed in 0ms
9 timing config:load:project Completed in 20ms
10 timing config:load:file:/root/.npmrc Completed in 12ms
11 timing config:load:user Completed in 12ms
12 timing config:load:file:/usr/local/etc/npmrc Completed in 0ms
13 timing config:load:global Completed in 1ms
14 timing config:load:validate Completed in 1ms
15 timing config:load:credentials Completed in 3ms
16 timing config:load:setEnvs Completed in 3ms
17 timing config:load Completed in 52ms
18 timing npm:load:configload Completed in 52ms
19 timing npm:load:setTitle Completed in 1ms
20 timing config:load:flatten Completed in 5ms
21 timing npm:load:display Completed in 9ms
22 verbose logfile /root/.npm/_logs/2021-12-30T02_55_55_767Z-debug-0.log
23 timing npm:load:logFile Completed in 9ms
24 timing npm:load:timers Completed in 0ms
25 timing npm:load:configScope Completed in 1ms
26 timing npm:load Completed in 76ms
27 verbose exit 0
28 timing npm Completed in 522ms
29 verbose code 1
